\BOOKMARK [1][-]{section.1}{\376\377\000I\000N\000T\000R\000O\000D\000U\000C\000T\000I\000O\000N}{}% 1
\BOOKMARK [1][-]{section.2}{\376\377\000T\000H\000E\000O\000R\000E\000T\000I\000C\000A\000L\000\040\000F\000O\000U\000N\000D\000A\000T\000I\000O\000N}{}% 2
\BOOKMARK [2][-]{subsection.2.1}{\376\377\000T\000e\000t\000r\000i\000s\000-\000L\000i\000k\000e\000\040\000S\000t\000a\000c\000k\000i\000n\000g\000\040\000G\000a\000m\000e\000s}{section.2}% 3
\BOOKMARK [2][-]{subsection.2.2}{\376\377\000T\000h\000e\000\040\000S\000e\000v\000e\000n\000\040\000T\000e\000t\000r\000o\000m\000i\000n\000o\000e\000s}{section.2}% 4
\BOOKMARK [2][-]{subsection.2.3}{\376\377\000T\000E\000T\000R\000.\000I\000O\000\040\000B\000l\000i\000t\000z\000\040\000M\000o\000d\000e}{section.2}% 5
\BOOKMARK [2][-]{subsection.2.4}{\376\377\000S\000e\000v\000e\000n\000-\000P\000i\000e\000c\000e\000\040\000B\000a\000g\000\040\000R\000a\000n\000d\000o\000m\000i\000z\000e\000r}{section.2}% 6
\BOOKMARK [2][-]{subsection.2.5}{\376\377\000T\000E\000T\000R\000.\000I\000O\000\040\000B\000l\000i\000t\000z\000\040\000S\000c\000o\000r\000i\000n\000g\000\040\000T\000a\000b\000l\000e}{section.2}% 7
\BOOKMARK [2][-]{subsection.2.6}{\376\377\000S\000c\000o\000r\000i\000n\000g\000\040\000E\000v\000e\000n\000t\000s\000\040\000i\000n\000\040\000M\000o\000d\000e\000r\000n\000\040\000T\000e\000t\000r\000i\000s\000\040\000S\000y\000s\000t\000e\000m\000s}{section.2}% 8
\BOOKMARK [2][-]{subsection.2.7}{\376\377\000D\000y\000n\000a\000m\000i\000c\000\040\000P\000r\000o\000g\000r\000a\000m\000m\000i\000n\000g}{section.2}% 9
\BOOKMARK [2][-]{subsection.2.8}{\376\377\000O\000p\000t\000i\000m\000a\000l\000\040\000S\000u\000b\000s\000t\000r\000u\000c\000t\000u\000r\000e\000\040\000i\000n\000\040\000B\000l\000i\000t\000z\000\040\000S\000t\000r\000a\000t\000e\000g\000y}{section.2}% 10
\BOOKMARK [2][-]{subsection.2.9}{\376\377\000S\000t\000a\000t\000e\000-\000S\000p\000a\000c\000e\000\040\000E\000x\000p\000l\000o\000s\000i\000o\000n}{section.2}% 11
\BOOKMARK [1][-]{section.3}{\376\377\000P\000R\000O\000B\000L\000E\000M\000\040\000F\000O\000R\000M\000U\000L\000A\000T\000I\000O\000N}{}% 12
\BOOKMARK [2][-]{subsection.3.1}{\376\377\000T\000w\000o\000\040\000R\000e\000l\000a\000t\000e\000d\000\040\000O\000p\000t\000i\000m\000i\000z\000a\000t\000i\000o\000n\000\040\000P\000r\000o\000b\000l\000e\000m\000s}{section.3}% 13
\BOOKMARK [2][-]{subsection.3.2}{\376\377\000I\000d\000e\000a\000l\000\040\000B\000l\000i\000t\000z\000\040\000O\000b\000j\000e\000c\000t\000i\000v\000e}{section.3}% 14
\BOOKMARK [2][-]{subsection.3.3}{\376\377\000I\000m\000p\000l\000e\000m\000e\000n\000t\000e\000d\000\040\000B\000o\000u\000n\000d\000e\000d\000-\000H\000o\000r\000i\000z\000o\000n\000\040\000O\000b\000j\000e\000c\000t\000i\000v\000e}{section.3}% 15
\BOOKMARK [2][-]{subsection.3.4}{\376\377\000S\000t\000a\000t\000e\000\040\000R\000e\000p\000r\000e\000s\000e\000n\000t\000a\000t\000i\000o\000n\000\040\000U\000s\000e\000d\000\040\000i\000n\000\040\000t\000h\000e\000\040\000C\000o\000d\000e}{section.3}% 16
\BOOKMARK [2][-]{subsection.3.5}{\376\377\000A\000c\000t\000i\000o\000n\000\040\000S\000p\000a\000c\000e}{section.3}% 17
\BOOKMARK [2][-]{subsection.3.6}{\376\377\000T\000r\000a\000n\000s\000i\000t\000i\000o\000n\000\040\000F\000u\000n\000c\000t\000i\000o\000n}{section.3}% 18
\BOOKMARK [2][-]{subsection.3.7}{\376\377\000I\000m\000m\000e\000d\000i\000a\000t\000e\000\040\000R\000e\000w\000a\000r\000d\000\040\000U\000s\000e\000d\000\040\000b\000y\000\040\000t\000h\000e\000\040\000S\000o\000l\000v\000e\000r}{section.3}% 19
\BOOKMARK [1][-]{section.4}{\376\377\000D\000Y\000N\000A\000M\000I\000C\000\040\000P\000R\000O\000G\000R\000A\000M\000M\000I\000N\000G\000\040\000M\000O\000D\000E\000L}{}% 20
\BOOKMARK [2][-]{subsection.4.1}{\376\377\000B\000e\000l\000l\000m\000a\000n\000\040\000R\000e\000c\000u\000r\000r\000e\000n\000c\000e\000\040\000f\000o\000r\000\040\000t\000h\000e\000\040\000I\000m\000p\000l\000e\000m\000e\000n\000t\000e\000d\000\040\000S\000e\000a\000r\000c\000h}{section.4}% 21
\BOOKMARK [2][-]{subsection.4.2}{\376\377\000V\000i\000s\000i\000b\000l\000e\000\040\000Q\000u\000e\000u\000e\000\040\000a\000n\000d\000\040\000S\000e\000v\000e\000n\000-\000B\000a\000g\000\040\000R\000e\000s\000i\000d\000u\000e}{section.4}% 22
\BOOKMARK [2][-]{subsection.4.3}{\376\377\000M\000e\000m\000o\000i\000z\000a\000t\000i\000o\000n\000\040\000a\000s\000\040\000S\000t\000a\000t\000e\000-\000B\000a\000s\000e\000d\000\040\000D\000y\000n\000a\000m\000i\000c\000\040\000P\000r\000o\000g\000r\000a\000m\000m\000i\000n\000g}{section.4}% 23
\BOOKMARK [2][-]{subsection.4.4}{\376\377\000B\000e\000a\000m\000-\000P\000r\000u\000n\000e\000d\000\040\000D\000P\000\040\000L\000a\000y\000e\000r\000s}{section.4}% 24
\BOOKMARK [2][-]{subsection.4.5}{\376\377\000D\000e\000d\000i\000c\000a\000t\000e\000d\000\040\000P\000e\000r\000f\000e\000c\000t\000-\000C\000l\000e\000a\000r\000\040\000S\000u\000b\000s\000e\000a\000r\000c\000h}{section.4}% 25
\BOOKMARK [2][-]{subsection.4.6}{\376\377\000W\000h\000y\000\040\000T\000h\000i\000s\000\040\000I\000s\000\040\000S\000t\000i\000l\000l\000\040\000D\000y\000n\000a\000m\000i\000c\000\040\000P\000r\000o\000g\000r\000a\000m\000m\000i\000n\000g}{section.4}% 26
\BOOKMARK [1][-]{section.5}{\376\377\000P\000R\000A\000C\000T\000I\000C\000A\000L\000\040\000O\000P\000T\000I\000M\000I\000Z\000A\000T\000I\000O\000N\000\040\000T\000E\000C\000H\000N\000I\000Q\000U\000E\000S}{}% 27
\BOOKMARK [2][-]{subsection.5.1}{\376\377\000B\000i\000t\000b\000o\000a\000r\000d\000\040\000R\000e\000p\000r\000e\000s\000e\000n\000t\000a\000t\000i\000o\000n}{section.5}% 28
\BOOKMARK [2][-]{subsection.5.2}{\376\377\000P\000l\000a\000c\000e\000m\000e\000n\000t\000\040\000G\000e\000n\000e\000r\000a\000t\000i\000o\000n}{section.5}% 29
\BOOKMARK [2][-]{subsection.5.3}{\376\377\000H\000e\000u\000r\000i\000s\000t\000i\000c\000\040\000F\000e\000a\000t\000u\000r\000e\000s\000\040\000A\000c\000t\000u\000a\000l\000l\000y\000\040\000U\000s\000e\000d\000\040\000i\000n\000\040\000t\000h\000e\000\040\000C\000o\000d\000e}{section.5}% 30
\BOOKMARK [2][-]{subsection.5.4}{\376\377\000S\000t\000a\000t\000e\000\040\000M\000e\000r\000g\000i\000n\000g\000\040\000a\000n\000d\000\040\000D\000o\000m\000i\000n\000a\000n\000c\000e}{section.5}% 31
\BOOKMARK [2][-]{subsection.5.5}{\376\377\000B\000e\000a\000m\000\040\000W\000i\000d\000t\000h\000\040\000a\000s\000\040\000a\000\040\000S\000p\000e\000e\000d\040\023\000Q\000u\000a\000l\000i\000t\000y\000\040\000K\000n\000o\000b}{section.5}% 32
\BOOKMARK [2][-]{subsection.5.6}{\376\377\000C\000o\000m\000p\000l\000e\000x\000i\000t\000y\000\040\000o\000f\000\040\000t\000h\000e\000\040\000I\000m\000p\000l\000e\000m\000e\000n\000t\000e\000d\000\040\000S\000e\000a\000r\000c\000h}{section.5}% 33
\BOOKMARK [1][-]{section.6}{\376\377\000I\000M\000P\000L\000E\000M\000E\000N\000T\000A\000T\000I\000O\000N\000\040\000D\000E\000S\000I\000G\000N}{}% 34
\BOOKMARK [2][-]{subsection.6.1}{\376\377\000E\000n\000d\000-\000t\000o\000-\000E\000n\000d\000\040\000S\000e\000a\000r\000c\000h\000\040\000P\000r\000o\000c\000e\000d\000u\000r\000e}{section.6}% 35
\BOOKMARK [2][-]{subsection.6.2}{\376\377\000O\000p\000e\000n\000i\000n\000g\000-\000B\000o\000o\000k\000\040\000I\000n\000t\000e\000g\000r\000a\000t\000i\000o\000n}{section.6}% 36
\BOOKMARK [2][-]{subsection.6.3}{\376\377\000O\000f\000f\000l\000i\000n\000e\000\040\000I\000n\000d\000e\000x\000\040\000C\000o\000n\000s\000t\000r\000u\000c\000t\000i\000o\000n}{section.6}% 37
\BOOKMARK [2][-]{subsection.6.4}{\376\377\000W\000h\000y\000\040\000t\000h\000e\000\040\000S\000o\000l\000v\000e\000r\000\040\000R\000e\000t\000u\000r\000n\000s\000\040\000O\000n\000l\000y\000\040\000t\000h\000e\000\040\000F\000i\000r\000s\000t\000\040\000M\000o\000v\000e}{section.6}% 38
\BOOKMARK [2][-]{subsection.6.5}{\376\377\000M\000a\000i\000n\000\040\000S\000e\000a\000r\000c\000h\000\040\000P\000a\000r\000a\000m\000e\000t\000e\000r\000s}{section.6}% 39
\BOOKMARK [1][-]{section.7}{\376\377\000S\000T\000R\000A\000T\000E\000G\000I\000C\000\040\000A\000N\000A\000L\000Y\000S\000I\000S}{}% 40
\BOOKMARK [2][-]{subsection.7.1}{\376\377\000W\000h\000y\000\040\000G\000r\000e\000e\000d\000y\000\040\000P\000l\000a\000c\000e\000m\000e\000n\000t\000\040\000F\000a\000i\000l\000s}{section.7}% 41
\BOOKMARK [2][-]{subsection.7.2}{\376\377\000I\000m\000p\000o\000r\000t\000a\000n\000c\000e\000\040\000o\000f\000\040\000B\000a\000g\000-\000A\000w\000a\000r\000e\000\040\000L\000o\000o\000k\000a\000h\000e\000a\000d}{section.7}% 42
\BOOKMARK [2][-]{subsection.7.3}{\376\377\000P\000e\000r\000f\000e\000c\000t\000\040\000C\000l\000e\000a\000r\000\040\000a\000s\000\040\000a\000\040\000D\000e\000l\000a\000y\000e\000d\000-\000R\000e\000w\000a\000r\000d\000\040\000O\000b\000j\000e\000c\000t\000i\000v\000e}{section.7}% 43
\BOOKMARK [2][-]{subsection.7.4}{\376\377\000W\000h\000y\000\040\000O\000p\000e\000n\000i\000n\000g\000\040\000B\000o\000o\000k\000s\000\040\000H\000e\000l\000p}{section.7}% 44
\BOOKMARK [2][-]{subsection.7.5}{\376\377\000F\000a\000l\000l\000b\000a\000c\000k\000\040\000B\000e\000h\000a\000v\000i\000o\000r\000\040\000O\000u\000t\000s\000i\000d\000e\000\040\000B\000o\000o\000k\000\040\000C\000o\000v\000e\000r\000a\000g\000e}{section.7}% 45
\BOOKMARK [2][-]{subsection.7.6}{\376\377\000I\000m\000p\000l\000i\000c\000a\000t\000i\000o\000n\000\040\000f\000o\000r\000\040\000B\000l\000i\000t\000z\000\040\000S\000t\000r\000a\000t\000e\000g\000y}{section.7}% 46
\BOOKMARK [1][-]{section.8}{\376\377\000D\000I\000S\000C\000U\000S\000S\000I\000O\000N}{}% 47
\BOOKMARK [1][-]{section.9}{\376\377\000C\000O\000N\000C\000L\000U\000S\000I\000O\000N}{}% 48
\BOOKMARK [1][-]{section.10}{\376\377\000A\000P\000P\000E\000N\000D\000I\000X}{}% 49
\BOOKMARK [1][-]{section.11}{\376\377\000A\000C\000K\000N\000O\000W\000L\000E\000D\000G\000M\000E\000N\000T}{}% 50
\BOOKMARK [1][-]{section.12}{\376\377\000R\000E\000F\000E\000R\000E\000N\000C\000E\000S}{}% 51
